<?xml version="1.0" encoding="UTF-8"?>
<testng-results skipped="6" failed="0" ignored="0" total="6" passed="0">
  <reporter-output>
  </reporter-output>
  <suite name="Default suite" duration-ms="89592" started-at="2020-07-02T08:36:11Z" finished-at="2020-07-02T08:37:40Z">
    <groups>
    </groups>
    <test name="Default test" duration-ms="89592" started-at="2020-07-02T08:36:11Z" finished-at="2020-07-02T08:37:40Z">
      <class name="com.amazon.qa.testcases.HomePageTest">
        <test-method status="FAIL" signature="setUp()[pri:0, instance:com.amazon.qa.testcases.HomePageTest@39c0f4a]" name="setUp" is-config="true" duration-ms="83187" started-at="2020-07-02T08:36:11Z" finished-at="2020-07-02T08:37:34Z">
          <exception class="org.openqa.selenium.SessionNotCreatedException">
            <message>
              <![CDATA[session not created
from chrome not reachable
  (Session info: chrome=83.0.4103.116)
Build info: version: '3.141.59', revision: 'e82be7d358', time: '2018-11-14T08:17:03'
System info: host: 'ABHI-PC', ip: '192.168.0.27', os.name: 'Windows 7', os.arch: 'amd64', os.version: '6.1', java.version: '1.8.0_241'
Driver info: driver.version: ChromeDriver
remote stacktrace: Backtrace:
Ordinal0 [0x01639563+2725219]
Ordinal0 [0x01538551+1672529]
Ordinal0 [0x01420202+524802]
Ordinal0 [0x014199B2+498098]
Ordinal0 [0x0141A09B+499867]
Ordinal0 [0x0141AFF5+503797]
Ordinal0 [0x01416994+485780]
Ordinal0 [0x01420FF0+528368]
Ordinal0 [0x013CD6C9+186057]
Ordinal0 [0x013CCA3D+182845]
Ordinal0 [0x013CA94B+174411]
Ordinal0 [0x013B2528+75048]
Ordinal0 [0x013B35A0+79264]
Ordinal0 [0x013B3539+79161]
Ordinal0 [0x0154D607+1758727]
GetHandleVerifier [0x01756546+1050150]
GetHandleVerifier [0x01756291+1049457]
GetHandleVerifier [0x017610D7+1094071]
GetHandleVerifier [0x01756B46+1051686]
Ordinal0 [0x01545B06+1727238]
Ordinal0 [0x0154EB7B+1764219]
Ordinal0 [0x0154ECE3+1764579]
Ordinal0 [0x01564C05+1854469]
BaseThreadInitThunk [0x772F33AA+18]
RtlInitializeExceptionChain [0x77D09F72+99]
RtlInitializeExceptionChain [0x77D09F45+54]
]]>
            </message>
            <full-stacktrace>
              <![CDATA[org.openqa.selenium.SessionNotCreatedException: session not created
from chrome not reachable
  (Session info: chrome=83.0.4103.116)
Build info: version: '3.141.59', revision: 'e82be7d358', time: '2018-11-14T08:17:03'
System info: host: 'ABHI-PC', ip: '192.168.0.27', os.name: 'Windows 7', os.arch: 'amd64', os.version: '6.1', java.version: '1.8.0_241'
Driver info: driver.version: ChromeDriver
remote stacktrace: Backtrace:
Ordinal0 [0x01639563+2725219]
Ordinal0 [0x01538551+1672529]
Ordinal0 [0x01420202+524802]
Ordinal0 [0x014199B2+498098]
Ordinal0 [0x0141A09B+499867]
Ordinal0 [0x0141AFF5+503797]
Ordinal0 [0x01416994+485780]
Ordinal0 [0x01420FF0+528368]
Ordinal0 [0x013CD6C9+186057]
Ordinal0 [0x013CCA3D+182845]
Ordinal0 [0x013CA94B+174411]
Ordinal0 [0x013B2528+75048]
Ordinal0 [0x013B35A0+79264]
Ordinal0 [0x013B3539+79161]
Ordinal0 [0x0154D607+1758727]
GetHandleVerifier [0x01756546+1050150]
GetHandleVerifier [0x01756291+1049457]
GetHandleVerifier [0x017610D7+1094071]
GetHandleVerifier [0x01756B46+1051686]
Ordinal0 [0x01545B06+1727238]
Ordinal0 [0x0154EB7B+1764219]
Ordinal0 [0x0154ECE3+1764579]
Ordinal0 [0x01564C05+1854469]
BaseThreadInitThunk [0x772F33AA+18]
RtlInitializeExceptionChain [0x77D09F72+99]
RtlInitializeExceptionChain [0x77D09F45+54]

at sun.reflect.NativeConstructorAccessorImpl.newInstance0(Native Method)
at sun.reflect.NativeConstructorAccessorImpl.newInstance(Unknown Source)
at sun.reflect.DelegatingConstructorAccessorImpl.newInstance(Unknown Source)
at java.lang.reflect.Constructor.newInstance(Unknown Source)
at org.openqa.selenium.remote.W3CHandshakeResponse.lambda$errorHandler$0(W3CHandshakeResponse.java:62)
at org.openqa.selenium.remote.HandshakeResponse.lambda$getResponseFunction$0(HandshakeResponse.java:30)
at org.openqa.selenium.remote.ProtocolHandshake.lambda$createSession$0(ProtocolHandshake.java:126)
at java.util.stream.ReferencePipeline$3$1.accept(Unknown Source)
at java.util.Spliterators$ArraySpliterator.tryAdvance(Unknown Source)
at java.util.stream.ReferencePipeline.forEachWithCancel(Unknown Source)
at java.util.stream.AbstractPipeline.copyIntoWithCancel(Unknown Source)
at java.util.stream.AbstractPipeline.copyInto(Unknown Source)
at java.util.stream.AbstractPipeline.wrapAndCopyInto(Unknown Source)
at java.util.stream.FindOps$FindOp.evaluateSequential(Unknown Source)
at java.util.stream.AbstractPipeline.evaluate(Unknown Source)
at java.util.stream.ReferencePipeline.findFirst(Unknown Source)
at org.openqa.selenium.remote.ProtocolHandshake.createSession(ProtocolHandshake.java:128)
at org.openqa.selenium.remote.ProtocolHandshake.createSession(ProtocolHandshake.java:74)
at org.openqa.selenium.remote.HttpCommandExecutor.execute(HttpCommandExecutor.java:136)
at org.openqa.selenium.remote.service.DriverCommandExecutor.execute(DriverCommandExecutor.java:83)
at org.openqa.selenium.remote.RemoteWebDriver.execute(RemoteWebDriver.java:552)
at org.openqa.selenium.remote.RemoteWebDriver.startSession(RemoteWebDriver.java:213)
at org.openqa.selenium.remote.RemoteWebDriver.<init>(RemoteWebDriver.java:131)
at org.openqa.selenium.chrome.ChromeDriver.<init>(ChromeDriver.java:181)
at org.openqa.selenium.chrome.ChromeDriver.<init>(ChromeDriver.java:168)
at org.openqa.selenium.chrome.ChromeDriver.<init>(ChromeDriver.java:123)
at com.amazon.qa.base.TestBase.initialization(TestBase.java:46)
at com.amazon.qa.testcases.HomePageTest.setUp(HomePageTest.java:36)
at sun.reflect.NativeMethodAccessorImpl.invoke0(Native Method)
at sun.reflect.NativeMethodAccessorImpl.invoke(Unknown Source)
at sun.reflect.DelegatingMethodAccessorImpl.invoke(Unknown Source)
at java.lang.reflect.Method.invoke(Unknown Source)
at org.testng.internal.MethodInvocationHelper.invokeMethod(MethodInvocationHelper.java:124)
at org.testng.internal.MethodInvocationHelper.invokeMethodConsideringTimeout(MethodInvocationHelper.java:59)
at org.testng.internal.Invoker.invokeConfigurationMethod(Invoker.java:458)
at org.testng.internal.Invoker.invokeConfigurations(Invoker.java:222)
at org.testng.internal.Invoker.invokeMethod(Invoker.java:523)
at org.testng.internal.Invoker.invokeTestMethod(Invoker.java:719)
at org.testng.internal.Invoker.invokeTestMethods(Invoker.java:989)
at org.testng.internal.TestMethodWorker.invokeTestMethods(TestMethodWorker.java:125)
at org.testng.internal.TestMethodWorker.run(TestMethodWorker.java:109)
at org.testng.TestRunner.privateRun(TestRunner.java:648)
at org.testng.TestRunner.run(TestRunner.java:505)
at org.testng.SuiteRunner.runTest(SuiteRunner.java:455)
at org.testng.SuiteRunner.runSequentially(SuiteRunner.java:450)
at org.testng.SuiteRunner.privateRun(SuiteRunner.java:415)
at org.testng.SuiteRunner.run(SuiteRunner.java:364)
at org.testng.SuiteRunnerWorker.runSuite(SuiteRunnerWorker.java:52)
at org.testng.SuiteRunnerWorker.run(SuiteRunnerWorker.java:84)
at org.testng.TestNG.runSuitesSequentially(TestNG.java:1208)
at org.testng.TestNG.runSuitesLocally(TestNG.java:1137)
at org.testng.TestNG.runSuites(TestNG.java:1049)
at org.testng.TestNG.run(TestNG.java:1017)
at org.testng.remote.AbstractRemoteTestNG.run(AbstractRemoteTestNG.java:114)
at org.testng.remote.RemoteTestNG.initAndRun(RemoteTestNG.java:251)
at org.testng.remote.RemoteTestNG.main(RemoteTestNG.java:77)
]]>
            </full-stacktrace>
          </exception> <!-- org.openqa.selenium.SessionNotCreatedException -->
          <reporter-output>
          </reporter-output>
        </test-method> <!-- setUp -->
        <test-method status="SKIP" signature="verifyhomePageTitleTest()[pri:1, instance:com.amazon.qa.testcases.HomePageTest@39c0f4a]" name="verifyhomePageTitleTest" duration-ms="0" started-at="2020-07-02T08:37:34Z" finished-at="2020-07-02T08:37:34Z">
          <exception class="org.openqa.selenium.SessionNotCreatedException">
            <message>
              <![CDATA[session not created
from chrome not reachable
  (Session info: chrome=83.0.4103.116)
Build info: version: '3.141.59', revision: 'e82be7d358', time: '2018-11-14T08:17:03'
System info: host: 'ABHI-PC', ip: '192.168.0.27', os.name: 'Windows 7', os.arch: 'amd64', os.version: '6.1', java.version: '1.8.0_241'
Driver info: driver.version: ChromeDriver
remote stacktrace: Backtrace:
Ordinal0 [0x01639563+2725219]
Ordinal0 [0x01538551+1672529]
Ordinal0 [0x01420202+524802]
Ordinal0 [0x014199B2+498098]
Ordinal0 [0x0141A09B+499867]
Ordinal0 [0x0141AFF5+503797]
Ordinal0 [0x01416994+485780]
Ordinal0 [0x01420FF0+528368]
Ordinal0 [0x013CD6C9+186057]
Ordinal0 [0x013CCA3D+182845]
Ordinal0 [0x013CA94B+174411]
Ordinal0 [0x013B2528+75048]
Ordinal0 [0x013B35A0+79264]
Ordinal0 [0x013B3539+79161]
Ordinal0 [0x0154D607+1758727]
GetHandleVerifier [0x01756546+1050150]
GetHandleVerifier [0x01756291+1049457]
GetHandleVerifier [0x017610D7+1094071]
GetHandleVerifier [0x01756B46+1051686]
Ordinal0 [0x01545B06+1727238]
Ordinal0 [0x0154EB7B+1764219]
Ordinal0 [0x0154ECE3+1764579]
Ordinal0 [0x01564C05+1854469]
BaseThreadInitThunk [0x772F33AA+18]
RtlInitializeExceptionChain [0x77D09F72+99]
RtlInitializeExceptionChain [0x77D09F45+54]
]]>
            </message>
            <full-stacktrace>
              <![CDATA[org.openqa.selenium.SessionNotCreatedException: session not created
from chrome not reachable
  (Session info: chrome=83.0.4103.116)
Build info: version: '3.141.59', revision: 'e82be7d358', time: '2018-11-14T08:17:03'
System info: host: 'ABHI-PC', ip: '192.168.0.27', os.name: 'Windows 7', os.arch: 'amd64', os.version: '6.1', java.version: '1.8.0_241'
Driver info: driver.version: ChromeDriver
remote stacktrace: Backtrace:
Ordinal0 [0x01639563+2725219]
Ordinal0 [0x01538551+1672529]
Ordinal0 [0x01420202+524802]
Ordinal0 [0x014199B2+498098]
Ordinal0 [0x0141A09B+499867]
Ordinal0 [0x0141AFF5+503797]
Ordinal0 [0x01416994+485780]
Ordinal0 [0x01420FF0+528368]
Ordinal0 [0x013CD6C9+186057]
Ordinal0 [0x013CCA3D+182845]
Ordinal0 [0x013CA94B+174411]
Ordinal0 [0x013B2528+75048]
Ordinal0 [0x013B35A0+79264]
Ordinal0 [0x013B3539+79161]
Ordinal0 [0x0154D607+1758727]
GetHandleVerifier [0x01756546+1050150]
GetHandleVerifier [0x01756291+1049457]
GetHandleVerifier [0x017610D7+1094071]
GetHandleVerifier [0x01756B46+1051686]
Ordinal0 [0x01545B06+1727238]
Ordinal0 [0x0154EB7B+1764219]
Ordinal0 [0x0154ECE3+1764579]
Ordinal0 [0x01564C05+1854469]
BaseThreadInitThunk [0x772F33AA+18]
RtlInitializeExceptionChain [0x77D09F72+99]
RtlInitializeExceptionChain [0x77D09F45+54]

at sun.reflect.NativeConstructorAccessorImpl.newInstance0(Native Method)
at sun.reflect.NativeConstructorAccessorImpl.newInstance(Unknown Source)
at sun.reflect.DelegatingConstructorAccessorImpl.newInstance(Unknown Source)
at java.lang.reflect.Constructor.newInstance(Unknown Source)
at org.openqa.selenium.remote.W3CHandshakeResponse.lambda$errorHandler$0(W3CHandshakeResponse.java:62)
at org.openqa.selenium.remote.HandshakeResponse.lambda$getResponseFunction$0(HandshakeResponse.java:30)
at org.openqa.selenium.remote.ProtocolHandshake.lambda$createSession$0(ProtocolHandshake.java:126)
at java.util.stream.ReferencePipeline$3$1.accept(Unknown Source)
at java.util.Spliterators$ArraySpliterator.tryAdvance(Unknown Source)
at java.util.stream.ReferencePipeline.forEachWithCancel(Unknown Source)
at java.util.stream.AbstractPipeline.copyIntoWithCancel(Unknown Source)
at java.util.stream.AbstractPipeline.copyInto(Unknown Source)
at java.util.stream.AbstractPipeline.wrapAndCopyInto(Unknown Source)
at java.util.stream.FindOps$FindOp.evaluateSequential(Unknown Source)
at java.util.stream.AbstractPipeline.evaluate(Unknown Source)
at java.util.stream.ReferencePipeline.findFirst(Unknown Source)
at org.openqa.selenium.remote.ProtocolHandshake.createSession(ProtocolHandshake.java:128)
at org.openqa.selenium.remote.ProtocolHandshake.createSession(ProtocolHandshake.java:74)
at org.openqa.selenium.remote.HttpCommandExecutor.execute(HttpCommandExecutor.java:136)
at org.openqa.selenium.remote.service.DriverCommandExecutor.execute(DriverCommandExecutor.java:83)
at org.openqa.selenium.remote.RemoteWebDriver.execute(RemoteWebDriver.java:552)
at org.openqa.selenium.remote.RemoteWebDriver.startSession(RemoteWebDriver.java:213)
at org.openqa.selenium.remote.RemoteWebDriver.<init>(RemoteWebDriver.java:131)
at org.openqa.selenium.chrome.ChromeDriver.<init>(ChromeDriver.java:181)
at org.openqa.selenium.chrome.ChromeDriver.<init>(ChromeDriver.java:168)
at org.openqa.selenium.chrome.ChromeDriver.<init>(ChromeDriver.java:123)
at com.amazon.qa.base.TestBase.initialization(TestBase.java:46)
at com.amazon.qa.testcases.HomePageTest.setUp(HomePageTest.java:36)
at sun.reflect.NativeMethodAccessorImpl.invoke0(Native Method)
at sun.reflect.NativeMethodAccessorImpl.invoke(Unknown Source)
at sun.reflect.DelegatingMethodAccessorImpl.invoke(Unknown Source)
at java.lang.reflect.Method.invoke(Unknown Source)
at org.testng.internal.MethodInvocationHelper.invokeMethod(MethodInvocationHelper.java:124)
at org.testng.internal.MethodInvocationHelper.invokeMethodConsideringTimeout(MethodInvocationHelper.java:59)
at org.testng.internal.Invoker.invokeConfigurationMethod(Invoker.java:458)
at org.testng.internal.Invoker.invokeConfigurations(Invoker.java:222)
at org.testng.internal.Invoker.invokeMethod(Invoker.java:523)
at org.testng.internal.Invoker.invokeTestMethod(Invoker.java:719)
at org.testng.internal.Invoker.invokeTestMethods(Invoker.java:989)
at org.testng.internal.TestMethodWorker.invokeTestMethods(TestMethodWorker.java:125)
at org.testng.internal.TestMethodWorker.run(TestMethodWorker.java:109)
at org.testng.TestRunner.privateRun(TestRunner.java:648)
at org.testng.TestRunner.run(TestRunner.java:505)
at org.testng.SuiteRunner.runTest(SuiteRunner.java:455)
at org.testng.SuiteRunner.runSequentially(SuiteRunner.java:450)
at org.testng.SuiteRunner.privateRun(SuiteRunner.java:415)
at org.testng.SuiteRunner.run(SuiteRunner.java:364)
at org.testng.SuiteRunnerWorker.runSuite(SuiteRunnerWorker.java:52)
at org.testng.SuiteRunnerWorker.run(SuiteRunnerWorker.java:84)
at org.testng.TestNG.runSuitesSequentially(TestNG.java:1208)
at org.testng.TestNG.runSuitesLocally(TestNG.java:1137)
at org.testng.TestNG.runSuites(TestNG.java:1049)
at org.testng.TestNG.run(TestNG.java:1017)
at org.testng.remote.AbstractRemoteTestNG.run(AbstractRemoteTestNG.java:114)
at org.testng.remote.RemoteTestNG.initAndRun(RemoteTestNG.java:251)
at org.testng.remote.RemoteTestNG.main(RemoteTestNG.java:77)
]]>
            </full-stacktrace>
          </exception> <!-- org.openqa.selenium.SessionNotCreatedException -->
          <reporter-output>
          </reporter-output>
        </test-method> <!-- verifyhomePageTitleTest -->
        <test-method status="SKIP" signature="teardown()[pri:0, instance:com.amazon.qa.testcases.HomePageTest@39c0f4a]" name="teardown" is-config="true" duration-ms="0" started-at="2020-07-02T08:37:34Z" finished-at="2020-07-02T08:37:34Z">
          <reporter-output>
          </reporter-output>
        </test-method> <!-- teardown -->
        <test-method status="SKIP" signature="setUp()[pri:0, instance:com.amazon.qa.testcases.HomePageTest@39c0f4a]" name="setUp" is-config="true" duration-ms="0" started-at="2020-07-02T08:37:34Z" finished-at="2020-07-02T08:37:34Z">
          <reporter-output>
          </reporter-output>
        </test-method> <!-- setUp -->
        <test-method status="SKIP" signature="verifyCorrectUsername()[pri:2, instance:com.amazon.qa.testcases.HomePageTest@39c0f4a]" name="verifyCorrectUsername" duration-ms="0" started-at="2020-07-02T08:37:34Z" finished-at="2020-07-02T08:37:34Z">
          <exception class="org.openqa.selenium.SessionNotCreatedException">
            <message>
              <![CDATA[session not created
from chrome not reachable
  (Session info: chrome=83.0.4103.116)
Build info: version: '3.141.59', revision: 'e82be7d358', time: '2018-11-14T08:17:03'
System info: host: 'ABHI-PC', ip: '192.168.0.27', os.name: 'Windows 7', os.arch: 'amd64', os.version: '6.1', java.version: '1.8.0_241'
Driver info: driver.version: ChromeDriver
remote stacktrace: Backtrace:
Ordinal0 [0x01639563+2725219]
Ordinal0 [0x01538551+1672529]
Ordinal0 [0x01420202+524802]
Ordinal0 [0x014199B2+498098]
Ordinal0 [0x0141A09B+499867]
Ordinal0 [0x0141AFF5+503797]
Ordinal0 [0x01416994+485780]
Ordinal0 [0x01420FF0+528368]
Ordinal0 [0x013CD6C9+186057]
Ordinal0 [0x013CCA3D+182845]
Ordinal0 [0x013CA94B+174411]
Ordinal0 [0x013B2528+75048]
Ordinal0 [0x013B35A0+79264]
Ordinal0 [0x013B3539+79161]
Ordinal0 [0x0154D607+1758727]
GetHandleVerifier [0x01756546+1050150]
GetHandleVerifier [0x01756291+1049457]
GetHandleVerifier [0x017610D7+1094071]
GetHandleVerifier [0x01756B46+1051686]
Ordinal0 [0x01545B06+1727238]
Ordinal0 [0x0154EB7B+1764219]
Ordinal0 [0x0154ECE3+1764579]
Ordinal0 [0x01564C05+1854469]
BaseThreadInitThunk [0x772F33AA+18]
RtlInitializeExceptionChain [0x77D09F72+99]
RtlInitializeExceptionChain [0x77D09F45+54]
]]>
            </message>
            <full-stacktrace>
              <![CDATA[org.openqa.selenium.SessionNotCreatedException: session not created
from chrome not reachable
  (Session info: chrome=83.0.4103.116)
Build info: version: '3.141.59', revision: 'e82be7d358', time: '2018-11-14T08:17:03'
System info: host: 'ABHI-PC', ip: '192.168.0.27', os.name: 'Windows 7', os.arch: 'amd64', os.version: '6.1', java.version: '1.8.0_241'
Driver info: driver.version: ChromeDriver
remote stacktrace: Backtrace:
Ordinal0 [0x01639563+2725219]
Ordinal0 [0x01538551+1672529]
Ordinal0 [0x01420202+524802]
Ordinal0 [0x014199B2+498098]
Ordinal0 [0x0141A09B+499867]
Ordinal0 [0x0141AFF5+503797]
Ordinal0 [0x01416994+485780]
Ordinal0 [0x01420FF0+528368]
Ordinal0 [0x013CD6C9+186057]
Ordinal0 [0x013CCA3D+182845]
Ordinal0 [0x013CA94B+174411]
Ordinal0 [0x013B2528+75048]
Ordinal0 [0x013B35A0+79264]
Ordinal0 [0x013B3539+79161]
Ordinal0 [0x0154D607+1758727]
GetHandleVerifier [0x01756546+1050150]
GetHandleVerifier [0x01756291+1049457]
GetHandleVerifier [0x017610D7+1094071]
GetHandleVerifier [0x01756B46+1051686]
Ordinal0 [0x01545B06+1727238]
Ordinal0 [0x0154EB7B+1764219]
Ordinal0 [0x0154ECE3+1764579]
Ordinal0 [0x01564C05+1854469]
BaseThreadInitThunk [0x772F33AA+18]
RtlInitializeExceptionChain [0x77D09F72+99]
RtlInitializeExceptionChain [0x77D09F45+54]

at sun.reflect.NativeConstructorAccessorImpl.newInstance0(Native Method)
at sun.reflect.NativeConstructorAccessorImpl.newInstance(Unknown Source)
at sun.reflect.DelegatingConstructorAccessorImpl.newInstance(Unknown Source)
at java.lang.reflect.Constructor.newInstance(Unknown Source)
at org.openqa.selenium.remote.W3CHandshakeResponse.lambda$errorHandler$0(W3CHandshakeResponse.java:62)
at org.openqa.selenium.remote.HandshakeResponse.lambda$getResponseFunction$0(HandshakeResponse.java:30)
at org.openqa.selenium.remote.ProtocolHandshake.lambda$createSession$0(ProtocolHandshake.java:126)
at java.util.stream.ReferencePipeline$3$1.accept(Unknown Source)
at java.util.Spliterators$ArraySpliterator.tryAdvance(Unknown Source)
at java.util.stream.ReferencePipeline.forEachWithCancel(Unknown Source)
at java.util.stream.AbstractPipeline.copyIntoWithCancel(Unknown Source)
at java.util.stream.AbstractPipeline.copyInto(Unknown Source)
at java.util.stream.AbstractPipeline.wrapAndCopyInto(Unknown Source)
at java.util.stream.FindOps$FindOp.evaluateSequential(Unknown Source)
at java.util.stream.AbstractPipeline.evaluate(Unknown Source)
at java.util.stream.ReferencePipeline.findFirst(Unknown Source)
at org.openqa.selenium.remote.ProtocolHandshake.createSession(ProtocolHandshake.java:128)
at org.openqa.selenium.remote.ProtocolHandshake.createSession(ProtocolHandshake.java:74)
at org.openqa.selenium.remote.HttpCommandExecutor.execute(HttpCommandExecutor.java:136)
at org.openqa.selenium.remote.service.DriverCommandExecutor.execute(DriverCommandExecutor.java:83)
at org.openqa.selenium.remote.RemoteWebDriver.execute(RemoteWebDriver.java:552)
at org.openqa.selenium.remote.RemoteWebDriver.startSession(RemoteWebDriver.java:213)
at org.openqa.selenium.remote.RemoteWebDriver.<init>(RemoteWebDriver.java:131)
at org.openqa.selenium.chrome.ChromeDriver.<init>(ChromeDriver.java:181)
at org.openqa.selenium.chrome.ChromeDriver.<init>(ChromeDriver.java:168)
at org.openqa.selenium.chrome.ChromeDriver.<init>(ChromeDriver.java:123)
at com.amazon.qa.base.TestBase.initialization(TestBase.java:46)
at com.amazon.qa.testcases.HomePageTest.setUp(HomePageTest.java:36)
at sun.reflect.NativeMethodAccessorImpl.invoke0(Native Method)
at sun.reflect.NativeMethodAccessorImpl.invoke(Unknown Source)
at sun.reflect.DelegatingMethodAccessorImpl.invoke(Unknown Source)
at java.lang.reflect.Method.invoke(Unknown Source)
at org.testng.internal.MethodInvocationHelper.invokeMethod(MethodInvocationHelper.java:124)
at org.testng.internal.MethodInvocationHelper.invokeMethodConsideringTimeout(MethodInvocationHelper.java:59)
at org.testng.internal.Invoker.invokeConfigurationMethod(Invoker.java:458)
at org.testng.internal.Invoker.invokeConfigurations(Invoker.java:222)
at org.testng.internal.Invoker.invokeMethod(Invoker.java:523)
at org.testng.internal.Invoker.invokeTestMethod(Invoker.java:719)
at org.testng.internal.Invoker.invokeTestMethods(Invoker.java:989)
at org.testng.internal.TestMethodWorker.invokeTestMethods(TestMethodWorker.java:125)
at org.testng.internal.TestMethodWorker.run(TestMethodWorker.java:109)
at org.testng.TestRunner.privateRun(TestRunner.java:648)
at org.testng.TestRunner.run(TestRunner.java:505)
at org.testng.SuiteRunner.runTest(SuiteRunner.java:455)
at org.testng.SuiteRunner.runSequentially(SuiteRunner.java:450)
at org.testng.SuiteRunner.privateRun(SuiteRunner.java:415)
at org.testng.SuiteRunner.run(SuiteRunner.java:364)
at org.testng.SuiteRunnerWorker.runSuite(SuiteRunnerWorker.java:52)
at org.testng.SuiteRunnerWorker.run(SuiteRunnerWorker.java:84)
at org.testng.TestNG.runSuitesSequentially(TestNG.java:1208)
at org.testng.TestNG.runSuitesLocally(TestNG.java:1137)
at org.testng.TestNG.runSuites(TestNG.java:1049)
at org.testng.TestNG.run(TestNG.java:1017)
at org.testng.remote.AbstractRemoteTestNG.run(AbstractRemoteTestNG.java:114)
at org.testng.remote.RemoteTestNG.initAndRun(RemoteTestNG.java:251)
at org.testng.remote.RemoteTestNG.main(RemoteTestNG.java:77)
]]>
            </full-stacktrace>
          </exception> <!-- org.openqa.selenium.SessionNotCreatedException -->
          <reporter-output>
          </reporter-output>
        </test-method> <!-- verifyCorrectUsername -->
        <test-method status="SKIP" signature="teardown()[pri:0, instance:com.amazon.qa.testcases.HomePageTest@39c0f4a]" name="teardown" is-config="true" duration-ms="0" started-at="2020-07-02T08:37:34Z" finished-at="2020-07-02T08:37:34Z">
          <reporter-output>
          </reporter-output>
        </test-method> <!-- teardown -->
        <test-method status="SKIP" signature="setUp()[pri:0, instance:com.amazon.qa.testcases.HomePageTest@39c0f4a]" name="setUp" is-config="true" duration-ms="0" started-at="2020-07-02T08:37:34Z" finished-at="2020-07-02T08:37:34Z">
          <reporter-output>
          </reporter-output>
        </test-method> <!-- setUp -->
        <test-method status="SKIP" signature="verifyOrdersLink()[pri:3, instance:com.amazon.qa.testcases.HomePageTest@39c0f4a]" name="verifyOrdersLink" duration-ms="0" started-at="2020-07-02T08:37:34Z" finished-at="2020-07-02T08:37:34Z">
          <exception class="org.openqa.selenium.SessionNotCreatedException">
            <message>
              <![CDATA[session not created
from chrome not reachable
  (Session info: chrome=83.0.4103.116)
Build info: version: '3.141.59', revision: 'e82be7d358', time: '2018-11-14T08:17:03'
System info: host: 'ABHI-PC', ip: '192.168.0.27', os.name: 'Windows 7', os.arch: 'amd64', os.version: '6.1', java.version: '1.8.0_241'
Driver info: driver.version: ChromeDriver
remote stacktrace: Backtrace:
Ordinal0 [0x01639563+2725219]
Ordinal0 [0x01538551+1672529]
Ordinal0 [0x01420202+524802]
Ordinal0 [0x014199B2+498098]
Ordinal0 [0x0141A09B+499867]
Ordinal0 [0x0141AFF5+503797]
Ordinal0 [0x01416994+485780]
Ordinal0 [0x01420FF0+528368]
Ordinal0 [0x013CD6C9+186057]
Ordinal0 [0x013CCA3D+182845]
Ordinal0 [0x013CA94B+174411]
Ordinal0 [0x013B2528+75048]
Ordinal0 [0x013B35A0+79264]
Ordinal0 [0x013B3539+79161]
Ordinal0 [0x0154D607+1758727]
GetHandleVerifier [0x01756546+1050150]
GetHandleVerifier [0x01756291+1049457]
GetHandleVerifier [0x017610D7+1094071]
GetHandleVerifier [0x01756B46+1051686]
Ordinal0 [0x01545B06+1727238]
Ordinal0 [0x0154EB7B+1764219]
Ordinal0 [0x0154ECE3+1764579]
Ordinal0 [0x01564C05+1854469]
BaseThreadInitThunk [0x772F33AA+18]
RtlInitializeExceptionChain [0x77D09F72+99]
RtlInitializeExceptionChain [0x77D09F45+54]
]]>
            </message>
            <full-stacktrace>
              <![CDATA[org.openqa.selenium.SessionNotCreatedException: session not created
from chrome not reachable
  (Session info: chrome=83.0.4103.116)
Build info: version: '3.141.59', revision: 'e82be7d358', time: '2018-11-14T08:17:03'
System info: host: 'ABHI-PC', ip: '192.168.0.27', os.name: 'Windows 7', os.arch: 'amd64', os.version: '6.1', java.version: '1.8.0_241'
Driver info: driver.version: ChromeDriver
remote stacktrace: Backtrace:
Ordinal0 [0x01639563+2725219]
Ordinal0 [0x01538551+1672529]
Ordinal0 [0x01420202+524802]
Ordinal0 [0x014199B2+498098]
Ordinal0 [0x0141A09B+499867]
Ordinal0 [0x0141AFF5+503797]
Ordinal0 [0x01416994+485780]
Ordinal0 [0x01420FF0+528368]
Ordinal0 [0x013CD6C9+186057]
Ordinal0 [0x013CCA3D+182845]
Ordinal0 [0x013CA94B+174411]
Ordinal0 [0x013B2528+75048]
Ordinal0 [0x013B35A0+79264]
Ordinal0 [0x013B3539+79161]
Ordinal0 [0x0154D607+1758727]
GetHandleVerifier [0x01756546+1050150]
GetHandleVerifier [0x01756291+1049457]
GetHandleVerifier [0x017610D7+1094071]
GetHandleVerifier [0x01756B46+1051686]
Ordinal0 [0x01545B06+1727238]
Ordinal0 [0x0154EB7B+1764219]
Ordinal0 [0x0154ECE3+1764579]
Ordinal0 [0x01564C05+1854469]
BaseThreadInitThunk [0x772F33AA+18]
RtlInitializeExceptionChain [0x77D09F72+99]
RtlInitializeExceptionChain [0x77D09F45+54]

at sun.reflect.NativeConstructorAccessorImpl.newInstance0(Native Method)
at sun.reflect.NativeConstructorAccessorImpl.newInstance(Unknown Source)
at sun.reflect.DelegatingConstructorAccessorImpl.newInstance(Unknown Source)
at java.lang.reflect.Constructor.newInstance(Unknown Source)
at org.openqa.selenium.remote.W3CHandshakeResponse.lambda$errorHandler$0(W3CHandshakeResponse.java:62)
at org.openqa.selenium.remote.HandshakeResponse.lambda$getResponseFunction$0(HandshakeResponse.java:30)
at org.openqa.selenium.remote.ProtocolHandshake.lambda$createSession$0(ProtocolHandshake.java:126)
at java.util.stream.ReferencePipeline$3$1.accept(Unknown Source)
at java.util.Spliterators$ArraySpliterator.tryAdvance(Unknown Source)
at java.util.stream.ReferencePipeline.forEachWithCancel(Unknown Source)
at java.util.stream.AbstractPipeline.copyIntoWithCancel(Unknown Source)
at java.util.stream.AbstractPipeline.copyInto(Unknown Source)
at java.util.stream.AbstractPipeline.wrapAndCopyInto(Unknown Source)
at java.util.stream.FindOps$FindOp.evaluateSequential(Unknown Source)
at java.util.stream.AbstractPipeline.evaluate(Unknown Source)
at java.util.stream.ReferencePipeline.findFirst(Unknown Source)
at org.openqa.selenium.remote.ProtocolHandshake.createSession(ProtocolHandshake.java:128)
at org.openqa.selenium.remote.ProtocolHandshake.createSession(ProtocolHandshake.java:74)
at org.openqa.selenium.remote.HttpCommandExecutor.execute(HttpCommandExecutor.java:136)
at org.openqa.selenium.remote.service.DriverCommandExecutor.execute(DriverCommandExecutor.java:83)
at org.openqa.selenium.remote.RemoteWebDriver.execute(RemoteWebDriver.java:552)
at org.openqa.selenium.remote.RemoteWebDriver.startSession(RemoteWebDriver.java:213)
at org.openqa.selenium.remote.RemoteWebDriver.<init>(RemoteWebDriver.java:131)
at org.openqa.selenium.chrome.ChromeDriver.<init>(ChromeDriver.java:181)
at org.openqa.selenium.chrome.ChromeDriver.<init>(ChromeDriver.java:168)
at org.openqa.selenium.chrome.ChromeDriver.<init>(ChromeDriver.java:123)
at com.amazon.qa.base.TestBase.initialization(TestBase.java:46)
at com.amazon.qa.testcases.HomePageTest.setUp(HomePageTest.java:36)
at sun.reflect.NativeMethodAccessorImpl.invoke0(Native Method)
at sun.reflect.NativeMethodAccessorImpl.invoke(Unknown Source)
at sun.reflect.DelegatingMethodAccessorImpl.invoke(Unknown Source)
at java.lang.reflect.Method.invoke(Unknown Source)
at org.testng.internal.MethodInvocationHelper.invokeMethod(MethodInvocationHelper.java:124)
at org.testng.internal.MethodInvocationHelper.invokeMethodConsideringTimeout(MethodInvocationHelper.java:59)
at org.testng.internal.Invoker.invokeConfigurationMethod(Invoker.java:458)
at org.testng.internal.Invoker.invokeConfigurations(Invoker.java:222)
at org.testng.internal.Invoker.invokeMethod(Invoker.java:523)
at org.testng.internal.Invoker.invokeTestMethod(Invoker.java:719)
at org.testng.internal.Invoker.invokeTestMethods(Invoker.java:989)
at org.testng.internal.TestMethodWorker.invokeTestMethods(TestMethodWorker.java:125)
at org.testng.internal.TestMethodWorker.run(TestMethodWorker.java:109)
at org.testng.TestRunner.privateRun(TestRunner.java:648)
at org.testng.TestRunner.run(TestRunner.java:505)
at org.testng.SuiteRunner.runTest(SuiteRunner.java:455)
at org.testng.SuiteRunner.runSequentially(SuiteRunner.java:450)
at org.testng.SuiteRunner.privateRun(SuiteRunner.java:415)
at org.testng.SuiteRunner.run(SuiteRunner.java:364)
at org.testng.SuiteRunnerWorker.runSuite(SuiteRunnerWorker.java:52)
at org.testng.SuiteRunnerWorker.run(SuiteRunnerWorker.java:84)
at org.testng.TestNG.runSuitesSequentially(TestNG.java:1208)
at org.testng.TestNG.runSuitesLocally(TestNG.java:1137)
at org.testng.TestNG.runSuites(TestNG.java:1049)
at org.testng.TestNG.run(TestNG.java:1017)
at org.testng.remote.AbstractRemoteTestNG.run(AbstractRemoteTestNG.java:114)
at org.testng.remote.RemoteTestNG.initAndRun(RemoteTestNG.java:251)
at org.testng.remote.RemoteTestNG.main(RemoteTestNG.java:77)
]]>
            </full-stacktrace>
          </exception> <!-- org.openqa.selenium.SessionNotCreatedException -->
          <reporter-output>
          </reporter-output>
        </test-method> <!-- verifyOrdersLink -->
        <test-method status="SKIP" signature="teardown()[pri:0, instance:com.amazon.qa.testcases.HomePageTest@39c0f4a]" name="teardown" is-config="true" duration-ms="0" started-at="2020-07-02T08:37:34Z" finished-at="2020-07-02T08:37:34Z">
          <reporter-output>
          </reporter-output>
        </test-method> <!-- teardown -->
        <test-method status="SKIP" signature="setUp()[pri:0, instance:com.amazon.qa.testcases.HomePageTest@39c0f4a]" name="setUp" is-config="true" duration-ms="0" started-at="2020-07-02T08:37:40Z" finished-at="2020-07-02T08:37:40Z">
          <reporter-output>
          </reporter-output>
        </test-method> <!-- setUp -->
        <test-method status="SKIP" signature="productSearch(java.lang.String)[pri:4, instance:com.amazon.qa.testcases.HomePageTest@39c0f4a]" name="productSearch" duration-ms="1" started-at="2020-07-02T08:37:40Z" data-provider="amazonTestData" finished-at="2020-07-02T08:37:40Z">
          <exception class="org.openqa.selenium.SessionNotCreatedException">
            <message>
              <![CDATA[session not created
from chrome not reachable
  (Session info: chrome=83.0.4103.116)
Build info: version: '3.141.59', revision: 'e82be7d358', time: '2018-11-14T08:17:03'
System info: host: 'ABHI-PC', ip: '192.168.0.27', os.name: 'Windows 7', os.arch: 'amd64', os.version: '6.1', java.version: '1.8.0_241'
Driver info: driver.version: ChromeDriver
remote stacktrace: Backtrace:
Ordinal0 [0x01639563+2725219]
Ordinal0 [0x01538551+1672529]
Ordinal0 [0x01420202+524802]
Ordinal0 [0x014199B2+498098]
Ordinal0 [0x0141A09B+499867]
Ordinal0 [0x0141AFF5+503797]
Ordinal0 [0x01416994+485780]
Ordinal0 [0x01420FF0+528368]
Ordinal0 [0x013CD6C9+186057]
Ordinal0 [0x013CCA3D+182845]
Ordinal0 [0x013CA94B+174411]
Ordinal0 [0x013B2528+75048]
Ordinal0 [0x013B35A0+79264]
Ordinal0 [0x013B3539+79161]
Ordinal0 [0x0154D607+1758727]
GetHandleVerifier [0x01756546+1050150]
GetHandleVerifier [0x01756291+1049457]
GetHandleVerifier [0x017610D7+1094071]
GetHandleVerifier [0x01756B46+1051686]
Ordinal0 [0x01545B06+1727238]
Ordinal0 [0x0154EB7B+1764219]
Ordinal0 [0x0154ECE3+1764579]
Ordinal0 [0x01564C05+1854469]
BaseThreadInitThunk [0x772F33AA+18]
RtlInitializeExceptionChain [0x77D09F72+99]
RtlInitializeExceptionChain [0x77D09F45+54]
]]>
            </message>
            <full-stacktrace>
              <![CDATA[org.openqa.selenium.SessionNotCreatedException: session not created
from chrome not reachable
  (Session info: chrome=83.0.4103.116)
Build info: version: '3.141.59', revision: 'e82be7d358', time: '2018-11-14T08:17:03'
System info: host: 'ABHI-PC', ip: '192.168.0.27', os.name: 'Windows 7', os.arch: 'amd64', os.version: '6.1', java.version: '1.8.0_241'
Driver info: driver.version: ChromeDriver
remote stacktrace: Backtrace:
Ordinal0 [0x01639563+2725219]
Ordinal0 [0x01538551+1672529]
Ordinal0 [0x01420202+524802]
Ordinal0 [0x014199B2+498098]
Ordinal0 [0x0141A09B+499867]
Ordinal0 [0x0141AFF5+503797]
Ordinal0 [0x01416994+485780]
Ordinal0 [0x01420FF0+528368]
Ordinal0 [0x013CD6C9+186057]
Ordinal0 [0x013CCA3D+182845]
Ordinal0 [0x013CA94B+174411]
Ordinal0 [0x013B2528+75048]
Ordinal0 [0x013B35A0+79264]
Ordinal0 [0x013B3539+79161]
Ordinal0 [0x0154D607+1758727]
GetHandleVerifier [0x01756546+1050150]
GetHandleVerifier [0x01756291+1049457]
GetHandleVerifier [0x017610D7+1094071]
GetHandleVerifier [0x01756B46+1051686]
Ordinal0 [0x01545B06+1727238]
Ordinal0 [0x0154EB7B+1764219]
Ordinal0 [0x0154ECE3+1764579]
Ordinal0 [0x01564C05+1854469]
BaseThreadInitThunk [0x772F33AA+18]
RtlInitializeExceptionChain [0x77D09F72+99]
RtlInitializeExceptionChain [0x77D09F45+54]

at sun.reflect.NativeConstructorAccessorImpl.newInstance0(Native Method)
at sun.reflect.NativeConstructorAccessorImpl.newInstance(Unknown Source)
at sun.reflect.DelegatingConstructorAccessorImpl.newInstance(Unknown Source)
at java.lang.reflect.Constructor.newInstance(Unknown Source)
at org.openqa.selenium.remote.W3CHandshakeResponse.lambda$errorHandler$0(W3CHandshakeResponse.java:62)
at org.openqa.selenium.remote.HandshakeResponse.lambda$getResponseFunction$0(HandshakeResponse.java:30)
at org.openqa.selenium.remote.ProtocolHandshake.lambda$createSession$0(ProtocolHandshake.java:126)
at java.util.stream.ReferencePipeline$3$1.accept(Unknown Source)
at java.util.Spliterators$ArraySpliterator.tryAdvance(Unknown Source)
at java.util.stream.ReferencePipeline.forEachWithCancel(Unknown Source)
at java.util.stream.AbstractPipeline.copyIntoWithCancel(Unknown Source)
at java.util.stream.AbstractPipeline.copyInto(Unknown Source)
at java.util.stream.AbstractPipeline.wrapAndCopyInto(Unknown Source)
at java.util.stream.FindOps$FindOp.evaluateSequential(Unknown Source)
at java.util.stream.AbstractPipeline.evaluate(Unknown Source)
at java.util.stream.ReferencePipeline.findFirst(Unknown Source)
at org.openqa.selenium.remote.ProtocolHandshake.createSession(ProtocolHandshake.java:128)
at org.openqa.selenium.remote.ProtocolHandshake.createSession(ProtocolHandshake.java:74)
at org.openqa.selenium.remote.HttpCommandExecutor.execute(HttpCommandExecutor.java:136)
at org.openqa.selenium.remote.service.DriverCommandExecutor.execute(DriverCommandExecutor.java:83)
at org.openqa.selenium.remote.RemoteWebDriver.execute(RemoteWebDriver.java:552)
at org.openqa.selenium.remote.RemoteWebDriver.startSession(RemoteWebDriver.java:213)
at org.openqa.selenium.remote.RemoteWebDriver.<init>(RemoteWebDriver.java:131)
at org.openqa.selenium.chrome.ChromeDriver.<init>(ChromeDriver.java:181)
at org.openqa.selenium.chrome.ChromeDriver.<init>(ChromeDriver.java:168)
at org.openqa.selenium.chrome.ChromeDriver.<init>(ChromeDriver.java:123)
at com.amazon.qa.base.TestBase.initialization(TestBase.java:46)
at com.amazon.qa.testcases.HomePageTest.setUp(HomePageTest.java:36)
at sun.reflect.NativeMethodAccessorImpl.invoke0(Native Method)
at sun.reflect.NativeMethodAccessorImpl.invoke(Unknown Source)
at sun.reflect.DelegatingMethodAccessorImpl.invoke(Unknown Source)
at java.lang.reflect.Method.invoke(Unknown Source)
at org.testng.internal.MethodInvocationHelper.invokeMethod(MethodInvocationHelper.java:124)
at org.testng.internal.MethodInvocationHelper.invokeMethodConsideringTimeout(MethodInvocationHelper.java:59)
at org.testng.internal.Invoker.invokeConfigurationMethod(Invoker.java:458)
at org.testng.internal.Invoker.invokeConfigurations(Invoker.java:222)
at org.testng.internal.Invoker.invokeMethod(Invoker.java:523)
at org.testng.internal.Invoker.invokeTestMethod(Invoker.java:719)
at org.testng.internal.Invoker.invokeTestMethods(Invoker.java:989)
at org.testng.internal.TestMethodWorker.invokeTestMethods(TestMethodWorker.java:125)
at org.testng.internal.TestMethodWorker.run(TestMethodWorker.java:109)
at org.testng.TestRunner.privateRun(TestRunner.java:648)
at org.testng.TestRunner.run(TestRunner.java:505)
at org.testng.SuiteRunner.runTest(SuiteRunner.java:455)
at org.testng.SuiteRunner.runSequentially(SuiteRunner.java:450)
at org.testng.SuiteRunner.privateRun(SuiteRunner.java:415)
at org.testng.SuiteRunner.run(SuiteRunner.java:364)
at org.testng.SuiteRunnerWorker.runSuite(SuiteRunnerWorker.java:52)
at org.testng.SuiteRunnerWorker.run(SuiteRunnerWorker.java:84)
at org.testng.TestNG.runSuitesSequentially(TestNG.java:1208)
at org.testng.TestNG.runSuitesLocally(TestNG.java:1137)
at org.testng.TestNG.runSuites(TestNG.java:1049)
at org.testng.TestNG.run(TestNG.java:1017)
at org.testng.remote.AbstractRemoteTestNG.run(AbstractRemoteTestNG.java:114)
at org.testng.remote.RemoteTestNG.initAndRun(RemoteTestNG.java:251)
at org.testng.remote.RemoteTestNG.main(RemoteTestNG.java:77)
]]>
            </full-stacktrace>
          </exception> <!-- org.openqa.selenium.SessionNotCreatedException -->
          <reporter-output>
          </reporter-output>
        </test-method> <!-- productSearch -->
        <test-method status="SKIP" signature="teardown()[pri:0, instance:com.amazon.qa.testcases.HomePageTest@39c0f4a]" name="teardown" is-config="true" duration-ms="0" started-at="2020-07-02T08:37:40Z" finished-at="2020-07-02T08:37:40Z">
          <reporter-output>
          </reporter-output>
        </test-method> <!-- teardown -->
        <test-method status="SKIP" signature="setUp()[pri:0, instance:com.amazon.qa.testcases.HomePageTest@39c0f4a]" name="setUp" is-config="true" duration-ms="0" started-at="2020-07-02T08:37:40Z" finished-at="2020-07-02T08:37:40Z">
          <reporter-output>
          </reporter-output>
        </test-method> <!-- setUp -->
        <test-method status="SKIP" signature="productSearch(java.lang.String)[pri:4, instance:com.amazon.qa.testcases.HomePageTest@39c0f4a]" name="productSearch" duration-ms="0" started-at="2020-07-02T08:37:40Z" data-provider="amazonTestData" finished-at="2020-07-02T08:37:40Z">
          <exception class="org.openqa.selenium.SessionNotCreatedException">
            <message>
              <![CDATA[session not created
from chrome not reachable
  (Session info: chrome=83.0.4103.116)
Build info: version: '3.141.59', revision: 'e82be7d358', time: '2018-11-14T08:17:03'
System info: host: 'ABHI-PC', ip: '192.168.0.27', os.name: 'Windows 7', os.arch: 'amd64', os.version: '6.1', java.version: '1.8.0_241'
Driver info: driver.version: ChromeDriver
remote stacktrace: Backtrace:
Ordinal0 [0x01639563+2725219]
Ordinal0 [0x01538551+1672529]
Ordinal0 [0x01420202+524802]
Ordinal0 [0x014199B2+498098]
Ordinal0 [0x0141A09B+499867]
Ordinal0 [0x0141AFF5+503797]
Ordinal0 [0x01416994+485780]
Ordinal0 [0x01420FF0+528368]
Ordinal0 [0x013CD6C9+186057]
Ordinal0 [0x013CCA3D+182845]
Ordinal0 [0x013CA94B+174411]
Ordinal0 [0x013B2528+75048]
Ordinal0 [0x013B35A0+79264]
Ordinal0 [0x013B3539+79161]
Ordinal0 [0x0154D607+1758727]
GetHandleVerifier [0x01756546+1050150]
GetHandleVerifier [0x01756291+1049457]
GetHandleVerifier [0x017610D7+1094071]
GetHandleVerifier [0x01756B46+1051686]
Ordinal0 [0x01545B06+1727238]
Ordinal0 [0x0154EB7B+1764219]
Ordinal0 [0x0154ECE3+1764579]
Ordinal0 [0x01564C05+1854469]
BaseThreadInitThunk [0x772F33AA+18]
RtlInitializeExceptionChain [0x77D09F72+99]
RtlInitializeExceptionChain [0x77D09F45+54]
]]>
            </message>
            <full-stacktrace>
              <![CDATA[org.openqa.selenium.SessionNotCreatedException: session not created
from chrome not reachable
  (Session info: chrome=83.0.4103.116)
Build info: version: '3.141.59', revision: 'e82be7d358', time: '2018-11-14T08:17:03'
System info: host: 'ABHI-PC', ip: '192.168.0.27', os.name: 'Windows 7', os.arch: 'amd64', os.version: '6.1', java.version: '1.8.0_241'
Driver info: driver.version: ChromeDriver
remote stacktrace: Backtrace:
Ordinal0 [0x01639563+2725219]
Ordinal0 [0x01538551+1672529]
Ordinal0 [0x01420202+524802]
Ordinal0 [0x014199B2+498098]
Ordinal0 [0x0141A09B+499867]
Ordinal0 [0x0141AFF5+503797]
Ordinal0 [0x01416994+485780]
Ordinal0 [0x01420FF0+528368]
Ordinal0 [0x013CD6C9+186057]
Ordinal0 [0x013CCA3D+182845]
Ordinal0 [0x013CA94B+174411]
Ordinal0 [0x013B2528+75048]
Ordinal0 [0x013B35A0+79264]
Ordinal0 [0x013B3539+79161]
Ordinal0 [0x0154D607+1758727]
GetHandleVerifier [0x01756546+1050150]
GetHandleVerifier [0x01756291+1049457]
GetHandleVerifier [0x017610D7+1094071]
GetHandleVerifier [0x01756B46+1051686]
Ordinal0 [0x01545B06+1727238]
Ordinal0 [0x0154EB7B+1764219]
Ordinal0 [0x0154ECE3+1764579]
Ordinal0 [0x01564C05+1854469]
BaseThreadInitThunk [0x772F33AA+18]
RtlInitializeExceptionChain [0x77D09F72+99]
RtlInitializeExceptionChain [0x77D09F45+54]

at sun.reflect.NativeConstructorAccessorImpl.newInstance0(Native Method)
at sun.reflect.NativeConstructorAccessorImpl.newInstance(Unknown Source)
at sun.reflect.DelegatingConstructorAccessorImpl.newInstance(Unknown Source)
at java.lang.reflect.Constructor.newInstance(Unknown Source)
at org.openqa.selenium.remote.W3CHandshakeResponse.lambda$errorHandler$0(W3CHandshakeResponse.java:62)
at org.openqa.selenium.remote.HandshakeResponse.lambda$getResponseFunction$0(HandshakeResponse.java:30)
at org.openqa.selenium.remote.ProtocolHandshake.lambda$createSession$0(ProtocolHandshake.java:126)
at java.util.stream.ReferencePipeline$3$1.accept(Unknown Source)
at java.util.Spliterators$ArraySpliterator.tryAdvance(Unknown Source)
at java.util.stream.ReferencePipeline.forEachWithCancel(Unknown Source)
at java.util.stream.AbstractPipeline.copyIntoWithCancel(Unknown Source)
at java.util.stream.AbstractPipeline.copyInto(Unknown Source)
at java.util.stream.AbstractPipeline.wrapAndCopyInto(Unknown Source)
at java.util.stream.FindOps$FindOp.evaluateSequential(Unknown Source)
at java.util.stream.AbstractPipeline.evaluate(Unknown Source)
at java.util.stream.ReferencePipeline.findFirst(Unknown Source)
at org.openqa.selenium.remote.ProtocolHandshake.createSession(ProtocolHandshake.java:128)
at org.openqa.selenium.remote.ProtocolHandshake.createSession(ProtocolHandshake.java:74)
at org.openqa.selenium.remote.HttpCommandExecutor.execute(HttpCommandExecutor.java:136)
at org.openqa.selenium.remote.service.DriverCommandExecutor.execute(DriverCommandExecutor.java:83)
at org.openqa.selenium.remote.RemoteWebDriver.execute(RemoteWebDriver.java:552)
at org.openqa.selenium.remote.RemoteWebDriver.startSession(RemoteWebDriver.java:213)
at org.openqa.selenium.remote.RemoteWebDriver.<init>(RemoteWebDriver.java:131)
at org.openqa.selenium.chrome.ChromeDriver.<init>(ChromeDriver.java:181)
at org.openqa.selenium.chrome.ChromeDriver.<init>(ChromeDriver.java:168)
at org.openqa.selenium.chrome.ChromeDriver.<init>(ChromeDriver.java:123)
at com.amazon.qa.base.TestBase.initialization(TestBase.java:46)
at com.amazon.qa.testcases.HomePageTest.setUp(HomePageTest.java:36)
at sun.reflect.NativeMethodAccessorImpl.invoke0(Native Method)
at sun.reflect.NativeMethodAccessorImpl.invoke(Unknown Source)
at sun.reflect.DelegatingMethodAccessorImpl.invoke(Unknown Source)
at java.lang.reflect.Method.invoke(Unknown Source)
at org.testng.internal.MethodInvocationHelper.invokeMethod(MethodInvocationHelper.java:124)
at org.testng.internal.MethodInvocationHelper.invokeMethodConsideringTimeout(MethodInvocationHelper.java:59)
at org.testng.internal.Invoker.invokeConfigurationMethod(Invoker.java:458)
at org.testng.internal.Invoker.invokeConfigurations(Invoker.java:222)
at org.testng.internal.Invoker.invokeMethod(Invoker.java:523)
at org.testng.internal.Invoker.invokeTestMethod(Invoker.java:719)
at org.testng.internal.Invoker.invokeTestMethods(Invoker.java:989)
at org.testng.internal.TestMethodWorker.invokeTestMethods(TestMethodWorker.java:125)
at org.testng.internal.TestMethodWorker.run(TestMethodWorker.java:109)
at org.testng.TestRunner.privateRun(TestRunner.java:648)
at org.testng.TestRunner.run(TestRunner.java:505)
at org.testng.SuiteRunner.runTest(SuiteRunner.java:455)
at org.testng.SuiteRunner.runSequentially(SuiteRunner.java:450)
at org.testng.SuiteRunner.privateRun(SuiteRunner.java:415)
at org.testng.SuiteRunner.run(SuiteRunner.java:364)
at org.testng.SuiteRunnerWorker.runSuite(SuiteRunnerWorker.java:52)
at org.testng.SuiteRunnerWorker.run(SuiteRunnerWorker.java:84)
at org.testng.TestNG.runSuitesSequentially(TestNG.java:1208)
at org.testng.TestNG.runSuitesLocally(TestNG.java:1137)
at org.testng.TestNG.runSuites(TestNG.java:1049)
at org.testng.TestNG.run(TestNG.java:1017)
at org.testng.remote.AbstractRemoteTestNG.run(AbstractRemoteTestNG.java:114)
at org.testng.remote.RemoteTestNG.initAndRun(RemoteTestNG.java:251)
at org.testng.remote.RemoteTestNG.main(RemoteTestNG.java:77)
]]>
            </full-stacktrace>
          </exception> <!-- org.openqa.selenium.SessionNotCreatedException -->
          <reporter-output>
          </reporter-output>
        </test-method> <!-- productSearch -->
        <test-method status="SKIP" signature="teardown()[pri:0, instance:com.amazon.qa.testcases.HomePageTest@39c0f4a]" name="teardown" is-config="true" duration-ms="0" started-at="2020-07-02T08:37:40Z" finished-at="2020-07-02T08:37:40Z">
          <reporter-output>
          </reporter-output>
        </test-method> <!-- teardown -->
        <test-method status="SKIP" signature="setUp()[pri:0, instance:com.amazon.qa.testcases.HomePageTest@39c0f4a]" name="setUp" is-config="true" duration-ms="0" started-at="2020-07-02T08:37:40Z" finished-at="2020-07-02T08:37:40Z">
          <reporter-output>
          </reporter-output>
        </test-method> <!-- setUp -->
        <test-method status="SKIP" signature="productSearch(java.lang.String)[pri:4, instance:com.amazon.qa.testcases.HomePageTest@39c0f4a]" name="productSearch" duration-ms="0" started-at="2020-07-02T08:37:40Z" data-provider="amazonTestData" finished-at="2020-07-02T08:37:40Z">
          <exception class="org.openqa.selenium.SessionNotCreatedException">
            <message>
              <![CDATA[session not created
from chrome not reachable
  (Session info: chrome=83.0.4103.116)
Build info: version: '3.141.59', revision: 'e82be7d358', time: '2018-11-14T08:17:03'
System info: host: 'ABHI-PC', ip: '192.168.0.27', os.name: 'Windows 7', os.arch: 'amd64', os.version: '6.1', java.version: '1.8.0_241'
Driver info: driver.version: ChromeDriver
remote stacktrace: Backtrace:
Ordinal0 [0x01639563+2725219]
Ordinal0 [0x01538551+1672529]
Ordinal0 [0x01420202+524802]
Ordinal0 [0x014199B2+498098]
Ordinal0 [0x0141A09B+499867]
Ordinal0 [0x0141AFF5+503797]
Ordinal0 [0x01416994+485780]
Ordinal0 [0x01420FF0+528368]
Ordinal0 [0x013CD6C9+186057]
Ordinal0 [0x013CCA3D+182845]
Ordinal0 [0x013CA94B+174411]
Ordinal0 [0x013B2528+75048]
Ordinal0 [0x013B35A0+79264]
Ordinal0 [0x013B3539+79161]
Ordinal0 [0x0154D607+1758727]
GetHandleVerifier [0x01756546+1050150]
GetHandleVerifier [0x01756291+1049457]
GetHandleVerifier [0x017610D7+1094071]
GetHandleVerifier [0x01756B46+1051686]
Ordinal0 [0x01545B06+1727238]
Ordinal0 [0x0154EB7B+1764219]
Ordinal0 [0x0154ECE3+1764579]
Ordinal0 [0x01564C05+1854469]
BaseThreadInitThunk [0x772F33AA+18]
RtlInitializeExceptionChain [0x77D09F72+99]
RtlInitializeExceptionChain [0x77D09F45+54]
]]>
            </message>
            <full-stacktrace>
              <![CDATA[org.openqa.selenium.SessionNotCreatedException: session not created
from chrome not reachable
  (Session info: chrome=83.0.4103.116)
Build info: version: '3.141.59', revision: 'e82be7d358', time: '2018-11-14T08:17:03'
System info: host: 'ABHI-PC', ip: '192.168.0.27', os.name: 'Windows 7', os.arch: 'amd64', os.version: '6.1', java.version: '1.8.0_241'
Driver info: driver.version: ChromeDriver
remote stacktrace: Backtrace:
Ordinal0 [0x01639563+2725219]
Ordinal0 [0x01538551+1672529]
Ordinal0 [0x01420202+524802]
Ordinal0 [0x014199B2+498098]
Ordinal0 [0x0141A09B+499867]
Ordinal0 [0x0141AFF5+503797]
Ordinal0 [0x01416994+485780]
Ordinal0 [0x01420FF0+528368]
Ordinal0 [0x013CD6C9+186057]
Ordinal0 [0x013CCA3D+182845]
Ordinal0 [0x013CA94B+174411]
Ordinal0 [0x013B2528+75048]
Ordinal0 [0x013B35A0+79264]
Ordinal0 [0x013B3539+79161]
Ordinal0 [0x0154D607+1758727]
GetHandleVerifier [0x01756546+1050150]
GetHandleVerifier [0x01756291+1049457]
GetHandleVerifier [0x017610D7+1094071]
GetHandleVerifier [0x01756B46+1051686]
Ordinal0 [0x01545B06+1727238]
Ordinal0 [0x0154EB7B+1764219]
Ordinal0 [0x0154ECE3+1764579]
Ordinal0 [0x01564C05+1854469]
BaseThreadInitThunk [0x772F33AA+18]
RtlInitializeExceptionChain [0x77D09F72+99]
RtlInitializeExceptionChain [0x77D09F45+54]

at sun.reflect.NativeConstructorAccessorImpl.newInstance0(Native Method)
at sun.reflect.NativeConstructorAccessorImpl.newInstance(Unknown Source)
at sun.reflect.DelegatingConstructorAccessorImpl.newInstance(Unknown Source)
at java.lang.reflect.Constructor.newInstance(Unknown Source)
at org.openqa.selenium.remote.W3CHandshakeResponse.lambda$errorHandler$0(W3CHandshakeResponse.java:62)
at org.openqa.selenium.remote.HandshakeResponse.lambda$getResponseFunction$0(HandshakeResponse.java:30)
at org.openqa.selenium.remote.ProtocolHandshake.lambda$createSession$0(ProtocolHandshake.java:126)
at java.util.stream.ReferencePipeline$3$1.accept(Unknown Source)
at java.util.Spliterators$ArraySpliterator.tryAdvance(Unknown Source)
at java.util.stream.ReferencePipeline.forEachWithCancel(Unknown Source)
at java.util.stream.AbstractPipeline.copyIntoWithCancel(Unknown Source)
at java.util.stream.AbstractPipeline.copyInto(Unknown Source)
at java.util.stream.AbstractPipeline.wrapAndCopyInto(Unknown Source)
at java.util.stream.FindOps$FindOp.evaluateSequential(Unknown Source)
at java.util.stream.AbstractPipeline.evaluate(Unknown Source)
at java.util.stream.ReferencePipeline.findFirst(Unknown Source)
at org.openqa.selenium.remote.ProtocolHandshake.createSession(ProtocolHandshake.java:128)
at org.openqa.selenium.remote.ProtocolHandshake.createSession(ProtocolHandshake.java:74)
at org.openqa.selenium.remote.HttpCommandExecutor.execute(HttpCommandExecutor.java:136)
at org.openqa.selenium.remote.service.DriverCommandExecutor.execute(DriverCommandExecutor.java:83)
at org.openqa.selenium.remote.RemoteWebDriver.execute(RemoteWebDriver.java:552)
at org.openqa.selenium.remote.RemoteWebDriver.startSession(RemoteWebDriver.java:213)
at org.openqa.selenium.remote.RemoteWebDriver.<init>(RemoteWebDriver.java:131)
at org.openqa.selenium.chrome.ChromeDriver.<init>(ChromeDriver.java:181)
at org.openqa.selenium.chrome.ChromeDriver.<init>(ChromeDriver.java:168)
at org.openqa.selenium.chrome.ChromeDriver.<init>(ChromeDriver.java:123)
at com.amazon.qa.base.TestBase.initialization(TestBase.java:46)
at com.amazon.qa.testcases.HomePageTest.setUp(HomePageTest.java:36)
at sun.reflect.NativeMethodAccessorImpl.invoke0(Native Method)
at sun.reflect.NativeMethodAccessorImpl.invoke(Unknown Source)
at sun.reflect.DelegatingMethodAccessorImpl.invoke(Unknown Source)
at java.lang.reflect.Method.invoke(Unknown Source)
at org.testng.internal.MethodInvocationHelper.invokeMethod(MethodInvocationHelper.java:124)
at org.testng.internal.MethodInvocationHelper.invokeMethodConsideringTimeout(MethodInvocationHelper.java:59)
at org.testng.internal.Invoker.invokeConfigurationMethod(Invoker.java:458)
at org.testng.internal.Invoker.invokeConfigurations(Invoker.java:222)
at org.testng.internal.Invoker.invokeMethod(Invoker.java:523)
at org.testng.internal.Invoker.invokeTestMethod(Invoker.java:719)
at org.testng.internal.Invoker.invokeTestMethods(Invoker.java:989)
at org.testng.internal.TestMethodWorker.invokeTestMethods(TestMethodWorker.java:125)
at org.testng.internal.TestMethodWorker.run(TestMethodWorker.java:109)
at org.testng.TestRunner.privateRun(TestRunner.java:648)
at org.testng.TestRunner.run(TestRunner.java:505)
at org.testng.SuiteRunner.runTest(SuiteRunner.java:455)
at org.testng.SuiteRunner.runSequentially(SuiteRunner.java:450)
at org.testng.SuiteRunner.privateRun(SuiteRunner.java:415)
at org.testng.SuiteRunner.run(SuiteRunner.java:364)
at org.testng.SuiteRunnerWorker.runSuite(SuiteRunnerWorker.java:52)
at org.testng.SuiteRunnerWorker.run(SuiteRunnerWorker.java:84)
at org.testng.TestNG.runSuitesSequentially(TestNG.java:1208)
at org.testng.TestNG.runSuitesLocally(TestNG.java:1137)
at org.testng.TestNG.runSuites(TestNG.java:1049)
at org.testng.TestNG.run(TestNG.java:1017)
at org.testng.remote.AbstractRemoteTestNG.run(AbstractRemoteTestNG.java:114)
at org.testng.remote.RemoteTestNG.initAndRun(RemoteTestNG.java:251)
at org.testng.remote.RemoteTestNG.main(RemoteTestNG.java:77)
]]>
            </full-stacktrace>
          </exception> <!-- org.openqa.selenium.SessionNotCreatedException -->
          <reporter-output>
          </reporter-output>
        </test-method> <!-- productSearch -->
        <test-method status="SKIP" signature="teardown()[pri:0, instance:com.amazon.qa.testcases.HomePageTest@39c0f4a]" name="teardown" is-config="true" duration-ms="0" started-at="2020-07-02T08:37:40Z" finished-at="2020-07-02T08:37:40Z">
          <reporter-output>
          </reporter-output>
        </test-method> <!-- teardown -->
      </class> <!-- com.amazon.qa.testcases.HomePageTest -->
    </test> <!-- Default test -->
  </suite> <!-- Default suite -->
</testng-results>
